<?xml version="1.0" encoding="UTF-8"?>
<!-- Generated by org.testng.reporters.JUnitReportReporter -->
<testsuite hostname="ITs-MacBook-Pro.local" failures="0" tests="2" name="seleniumTests.homePage.HomePageTest" time="3.994" errors="0" timestamp="2020-06-10T15:07:33 ICT" skipped="0">
  <testcase classname="seleniumTests.homePage.HomePageTest" name="testFormAuthentication" time="2.427"/>
  <system-out/>
  <testcase classname="seleniumTests.homePage.HomePageTest" name="testFrames" time="1.567"/>
  <system-out/>
</testsuite> <!-- seleniumTests.homePage.HomePageTest -->
